<?xml version="1.0" encoding="UTF-8"?>
<!-- Generated by org.testng.reporters.JUnitReportReporter -->
<testsuite hostname="DESKTOP-FUABKC3" failures="0" tests="1" name="diffrentWaysToPOST.CreateProjectUsingPOJO" time="5.721" errors="0" timestamp="2022-04-21T11:57:38 IST" skipped="0">
  <testcase classname="diffrentWaysToPOST.CreateProjectUsingPOJO" name="createProject" time="5.721"/>
  <system-out/>
</testsuite> <!-- diffrentWaysToPOST.CreateProjectUsingPOJO -->
