<?xml version="1.0" encoding="UTF-8"?>
<!-- Generated by org.testng.reporters.JUnitReportReporter -->
<testsuite hostname="DESKTOP-FUABKC3" failures="0" tests="1" name="diffrentWaysToPOST.CreateProjectUsingJSONObject" time="9.574" errors="0" timestamp="2022-04-20T17:27:19 IST" skipped="0">
  <testcase classname="diffrentWaysToPOST.CreateProjectUsingJSONObject" name="createProject" time="9.574"/>
  <system-out/>
</testsuite> <!-- diffrentWaysToPOST.CreateProjectUsingJSONObject -->
