<?xml version="1.0" encoding="UTF-8"?>
<!-- Generated by org.testng.reporters.JUnitReportReporter -->
<testsuite hostname="DESKTOP-FUABKC3" failures="0" tests="1" name="responseValidation.StaticResponseValidationGet" time="5.468" errors="0" timestamp="2022-04-21T12:00:58 IST" skipped="0">
  <testcase classname="responseValidation.StaticResponseValidationGet" name="staicResponseGet" time="5.468"/>
  <system-out/>
</testsuite> <!-- responseValidation.StaticResponseValidationGet -->
