<?xml version="1.0" encoding="UTF-8"?>
<!-- Generated by org.testng.reporters.JUnitReportReporter -->
<testsuite hostname="DESKTOP-FUABKC3" failures="0" tests="1" name="requestChainig.CreateprojectAndGetProject" time="15.148" errors="0" timestamp="2022-04-21T15:51:51 IST" skipped="0">
  <testcase classname="requestChainig.CreateprojectAndGetProject" name="createTheProject" time="15.148"/>
  <system-out/>
</testsuite> <!-- requestChainig.CreateprojectAndGetProject -->
