<?xml version="1.0" encoding="UTF-8"?>
<!-- Generated by org.testng.reporters.JUnitReportReporter -->
<testsuite hostname="DESKTOP-FUABKC3" failures="0" tests="1" name="practice.CRUDOperationWithOutBDD.GetAllProjectsTest" time="7.187" errors="0" timestamp="2022-04-20T12:51:39 IST" skipped="0">
  <testcase classname="practice.CRUDOperationWithOutBDD.GetAllProjectsTest" name="getAllProjectsTest" time="7.187"/>
  <system-out/>
</testsuite> <!-- practice.CRUDOperationWithOutBDD.GetAllProjectsTest -->
