<?xml version="1.0" encoding="UTF-8"?>
<!-- Generated by org.testng.reporters.JUnitReportReporter -->
<testsuite hostname="DESKTOP-FUABKC3" failures="0" tests="1" name="diffrentWaysToPOST.CreateProjectUsingJSONFile" time="4.709" errors="0" timestamp="2022-04-20T16:57:35 IST" skipped="0">
  <testcase classname="diffrentWaysToPOST.CreateProjectUsingJSONFile" name="createProject" time="4.709"/>
  <system-out/>
</testsuite> <!-- diffrentWaysToPOST.CreateProjectUsingJSONFile -->
