<?xml version="1.0" encoding="UTF-8"?>
<!-- Generated by org.testng.reporters.JUnitReportReporter -->
<testsuite hostname="DESKTOP-FUABKC3" failures="0" tests="1" name="practice.CRUDOperationWithBDD.GetSingleProjectTest" time="5.833" errors="0" timestamp="2022-04-20T15:12:11 IST" skipped="0">
  <testcase classname="practice.CRUDOperationWithBDD.GetSingleProjectTest" name="getSingleProjectTest" time="5.833"/>
  <system-out/>
</testsuite> <!-- practice.CRUDOperationWithBDD.GetSingleProjectTest -->
