<?xml version="1.0" encoding="UTF-8"?>
<!-- Generated by org.testng.reporters.JUnitReportReporter -->
<testsuite hostname="DESKTOP-FUABKC3" failures="0" tests="1" name="practice.CRUDOperationWithOutBDD.CreateTheProjectTest" time="10.112" errors="0" timestamp="2022-04-20T12:36:52 IST" skipped="0">
  <testcase classname="practice.CRUDOperationWithOutBDD.CreateTheProjectTest" name="createprojectTest" time="10.112"/>
  <system-out/>
</testsuite> <!-- practice.CRUDOperationWithOutBDD.CreateTheProjectTest -->
