<?xml version="1.0" encoding="UTF-8"?>
<!-- Generated by org.testng.reporters.JUnitReportReporter -->
<testsuite hostname="DESKTOP-FUABKC3" failures="0" tests="1" name="authentication.OAuth2_0" time="7.562" errors="0" timestamp="2022-04-21T18:17:33 IST" skipped="0">
  <testcase classname="authentication.OAuth2_0" name="oauthAuthentication" time="7.562"/>
  <system-out/>
</testsuite> <!-- authentication.OAuth2_0 -->
