<?xml version="1.0" encoding="UTF-8"?>
<!-- Generated by org.testng.reporters.JUnitReportReporter -->
<testsuite hostname="DESKTOP-FUABKC3" failures="0" tests="1" name="authentication.BearerToken" time="18.955" errors="0" timestamp="2022-04-21T17:06:26 IST" skipped="0">
  <testcase classname="authentication.BearerToken" name="createRepo" time="18.955"/>
  <system-out/>
</testsuite> <!-- authentication.BearerToken -->
