<?xml version="1.0" encoding="UTF-8"?>
<!-- Generated by org.testng.reporters.JUnitReportReporter -->
<testsuite hostname="DESKTOP-FUABKC3" failures="0" tests="1" name="responseValidation.ResponseTimeValidation" time="4.120" errors="0" timestamp="2022-04-21T12:43:26 IST" skipped="0">
  <testcase classname="responseValidation.ResponseTimeValidation" name="responseTime" time="4.120"/>
  <system-out/>
</testsuite> <!-- responseValidation.ResponseTimeValidation -->
