<?xml version="1.0" encoding="UTF-8"?>
<!-- Generated by org.testng.reporters.JUnitReportReporter -->
<testsuite hostname="DESKTOP-FUABKC3" failures="0" tests="1" name="authentication.BasicAuth" time="4.528" errors="0" timestamp="2022-04-21T16:48:33 IST" skipped="0">
  <testcase classname="authentication.BasicAuth" name="basicDigestAuth" time="4.528"/>
  <system-out/>
</testsuite> <!-- authentication.BasicAuth -->
