<?xml version="1.0" encoding="UTF-8"?>
<!-- Generated by org.testng.reporters.JUnitReportReporter -->
<testsuite hostname="DESKTOP-FUABKC3" failures="0" tests="1" name="responseValidation.DynamicResponseGet" time="6.008" errors="0" timestamp="2022-04-21T12:42:06 IST" skipped="0">
  <testcase classname="responseValidation.DynamicResponseGet" name="dynamicResponse" time="6.008"/>
  <system-out/>
</testsuite> <!-- responseValidation.DynamicResponseGet -->
