<?xml version="1.0" encoding="UTF-8"?>
<!-- Generated by org.testng.reporters.JUnitReportReporter -->
<testsuite hostname="DESKTOP-FUABKC3" failures="0" tests="1" name="practice.CRUDOperationWithOutBDD.GetSingleProjectTest" time="5.677" errors="0" timestamp="2022-04-20T13:05:14 IST" skipped="0">
  <testcase classname="practice.CRUDOperationWithOutBDD.GetSingleProjectTest" name="getSingleProject" time="5.677"/>
  <system-out/>
</testsuite> <!-- practice.CRUDOperationWithOutBDD.GetSingleProjectTest -->
