<?xml version="1.0" encoding="UTF-8"?>
<!-- Generated by org.testng.reporters.JUnitReportReporter -->
<testsuite hostname="DESKTOP-FUABKC3" failures="0" tests="1" name="rmgyantraTestsWithFramework.CreateProjectAndVerifyTheProject" time="26.171" errors="0" timestamp="2022-04-22T15:13:12 IST" skipped="0">
  <testcase classname="rmgyantraTestsWithFramework.CreateProjectAndVerifyTheProject" name="createTheProjectVerifyInDB" time="26.171"/>
  <system-out/>
</testsuite> <!-- rmgyantraTestsWithFramework.CreateProjectAndVerifyTheProject -->
