<?xml version="1.0" encoding="UTF-8"?>
<!-- Generated by org.testng.reporters.JUnitReportReporter -->
<testsuite hostname="DESKTOP-FUABKC3" failures="0" tests="1" name="responseValidation.StaticResponseValidationPost" time="9.176" errors="0" timestamp="2022-04-21T13:26:32 IST" skipped="0">
  <testcase classname="responseValidation.StaticResponseValidationPost" name="staticResponsePost" time="9.176"/>
  <system-out/>
</testsuite> <!-- responseValidation.StaticResponseValidationPost -->
