<?xml version="1.0" encoding="UTF-8"?>
<!-- Generated by org.testng.reporters.JUnitReportReporter -->
<testsuite hostname="DESKTOP-FUABKC3" failures="0" tests="1" name="practice.CRUDOperationWithOutBDD.UpdateTheProjectTest" time="8.323" errors="0" timestamp="2022-04-20T14:35:33 IST" skipped="0">
  <testcase classname="practice.CRUDOperationWithOutBDD.UpdateTheProjectTest" name="updateTheProjectTest" time="8.323"/>
  <system-out/>
</testsuite> <!-- practice.CRUDOperationWithOutBDD.UpdateTheProjectTest -->
