<?xml version="1.0" encoding="UTF-8"?>
<!-- Generated by org.testng.reporters.JUnitReportReporter -->
<testsuite hostname="DESKTOP-FUABKC3" failures="0" tests="1" name="practice.CRUDOperationWithBDD.DeleteTheProjectTest" time="8.658" errors="0" timestamp="2022-04-20T15:15:59 IST" skipped="0">
  <testcase classname="practice.CRUDOperationWithBDD.DeleteTheProjectTest" name="deleteTheProjectTest" time="8.658"/>
  <system-out/>
</testsuite> <!-- practice.CRUDOperationWithBDD.DeleteTheProjectTest -->
