<?xml version="1.0" encoding="UTF-8"?>
<!-- Generated by org.testng.reporters.JUnitReportReporter -->
<testsuite hostname="DESKTOP-FUABKC3" failures="0" tests="1" name="parameters.PathParameter" time="7.877" errors="0" timestamp="2022-04-21T14:40:49 IST" skipped="0">
  <testcase classname="parameters.PathParameter" name="pathParameterGetSingleProject" time="7.877"/>
  <system-out/>
</testsuite> <!-- parameters.PathParameter -->
