<?xml version="1.0" encoding="UTF-8"?>
<!-- Generated by org.testng.reporters.JUnitReportReporter -->
<testsuite hostname="DESKTOP-FUABKC3" failures="0" tests="1" name="crudOperrationWithOutBDD.GetTheProjectTest" time="25.650" errors="0" timestamp="2022-04-19T17:21:24 IST" skipped="0">
  <testcase classname="crudOperrationWithOutBDD.GetTheProjectTest" name="getAllProjectTest" time="25.650"/>
  <system-out/>
</testsuite> <!-- crudOperrationWithOutBDD.GetTheProjectTest -->
