<?xml version="1.0" encoding="UTF-8"?>
<!-- Generated by org.testng.reporters.JUnitReportReporter -->
<testsuite hostname="DESKTOP-FUABKC3" failures="0" tests="1" name="practice.CRUDOperationWithBDD.GetAlltheProjectTest" time="3.946" errors="0" timestamp="2022-04-21T12:13:20 IST" skipped="0">
  <testcase classname="practice.CRUDOperationWithBDD.GetAlltheProjectTest" name="getAllTheProjectTest" time="3.946"/>
  <system-out/>
</testsuite> <!-- practice.CRUDOperationWithBDD.GetAlltheProjectTest -->
