<?xml version="1.0" encoding="UTF-8"?>
<!-- Generated by org.testng.reporters.JUnitReportReporter -->
<testsuite hostname="DESKTOP-FUABKC3" failures="0" tests="1" name="practice.CRUDOperationWithBDD.UpdateTheProjectTest" time="6.708" errors="0" timestamp="2022-04-20T15:04:01 IST" skipped="0">
  <testcase classname="practice.CRUDOperationWithBDD.UpdateTheProjectTest" name="updateProjecTest" time="6.708"/>
  <system-out/>
</testsuite> <!-- practice.CRUDOperationWithBDD.UpdateTheProjectTest -->
