<?xml version="1.0" encoding="UTF-8"?>
<!-- Generated by org.testng.reporters.JUnitReportReporter -->
<testsuite hostname="DESKTOP-FUABKC3" failures="0" tests="1" name="diffrentWaysToPOST.CreateprojectusingHashMap" time="5.745" errors="0" timestamp="2022-04-20T16:50:27 IST" skipped="0">
  <testcase classname="diffrentWaysToPOST.CreateprojectusingHashMap" name="createProject" time="5.745"/>
  <system-out/>
</testsuite> <!-- diffrentWaysToPOST.CreateprojectusingHashMap -->
