<?xml version="1.0" encoding="UTF-8"?>
<!-- Generated by org.testng.reporters.JUnitReportReporter -->
<testsuite hostname="DESKTOP-FUABKC3" failures="0" tests="1" name="parameters.QueryParameter" time="7.010" errors="0" timestamp="2022-04-21T14:45:41 IST" skipped="0">
  <testcase classname="parameters.QueryParameter" name="queryParameter" time="7.010"/>
  <system-out/>
</testsuite> <!-- parameters.QueryParameter -->
