<?xml version="1.0" encoding="UTF-8"?>
<!-- Generated by org.testng.reporters.JUnitReportReporter -->
<testsuite hostname="DESKTOP-FUABKC3" failures="0" tests="2" name="dataDrivenTesting.CreateMultipleProjects" time="7.952" errors="0" timestamp="2022-04-21T13:07:41 IST" skipped="0">
  <testcase classname="dataDrivenTesting.CreateMultipleProjects" name="createProject" time="7.434"/>
  <system-out/>
  <testcase classname="dataDrivenTesting.CreateMultipleProjects" name="createProject" time="0.518"/>
  <system-out/>
</testsuite> <!-- dataDrivenTesting.CreateMultipleProjects -->
