<?xml version="1.0" encoding="UTF-8"?>
<!-- Generated by org.testng.reporters.JUnitReportReporter -->
<testsuite hostname="DESKTOP-FUABKC3" failures="0" tests="1" name="practice.CRUDOperationWithOutBDD.DeleteTheProject" time="6.712" errors="0" timestamp="2022-04-20T14:42:01 IST" skipped="0">
  <testcase classname="practice.CRUDOperationWithOutBDD.DeleteTheProject" name="deleteTheProjectTest" time="6.712"/>
  <system-out/>
</testsuite> <!-- practice.CRUDOperationWithOutBDD.DeleteTheProject -->
