<?xml version="1.0" encoding="UTF-8"?>
<!-- Generated by org.testng.reporters.JUnitReportReporter -->
<testsuite hostname="DESKTOP-FUABKC3" failures="0" tests="1" name="parameters.ParametersTestForGit" time="9.091" errors="0" timestamp="2022-04-22T07:49:08 IST" skipped="0">
  <testcase classname="parameters.ParametersTestForGit" name="parameterTest" time="9.091"/>
  <system-out/>
</testsuite> <!-- parameters.ParametersTestForGit -->
